CCS PCM C Compiler, Version 5.026, 18875               14-Nov-17 16:06

               Filename:   D:\University\Master\Digital Instrumentation\DTULidar\PICProgramming\main.lst

               ROM used:   44 words (1%)
                           Largest free fragment is 2048
               RAM used:   7 (2%) at main() level
                           7 (2%) worst case
               Stack used: 0 locations
               Stack size: 7

*
0000:  NOP
0001:  MOVLW  00
0002:  MOVWF  0A
0003:  GOTO   004
.................... #include <main.h> 
.................... #include <16F887.h> 
.................... //////////// Standard Header file for the PIC16F887 device //////////////// 
.................... /////////////////////////////////////////////////////////////////////////// 
.................... ////        (C) Copyright 1996, 2014 Custom Computer Services          //// 
.................... //// This source code may only be used by licensed users of the CCS C  //// 
.................... //// compiler.  This source code may only be distributed to other      //// 
.................... //// licensed users of the CCS C compiler.  No other use, reproduction //// 
.................... //// or distribution is permitted without written permission.          //// 
.................... //// Derivative programs created using this software in object code    //// 
.................... //// form are not restricted in any way.                               //// 
.................... /////////////////////////////////////////////////////////////////////////// 
.................... #device PIC16F887 
....................  
.................... #list 
....................  
.................... #device ICD=true 
.................... #device ADC=10 
....................   
.................... #FUSES NOBROWNOUT               //No brownout reset 
.................... #FUSES NOLVP                    //No low voltage prgming, B3(PIC16) or B5(PIC18) used for I/O 
....................   
.................... #use delay(internal=8000000,clock_out) 
....................   
.................... #use rs232( baud=9600, parity=N, xmit=PIN_C6, rcv=PIN_C7, bits=8, ERRORS) 
....................   
.................... //#use RS232 (DEBUGGER) 
....................   
.................... #use  I2C(master, sda=PIN_C4, scl= PIN_C3) 
....................  
....................  
....................  
.................... void main() 
0004:  MOVF   03,W
0005:  ANDLW  1F
0006:  MOVWF  03
0007:  MOVLW  71
0008:  BSF    03.5
0009:  MOVWF  0F
000A:  CLRF   10
000B:  MOVF   0F,W
000C:  BCF    03.5
000D:  CLRF   20
000E:  BSF    03.5
000F:  BSF    03.6
0010:  BCF    07.3
0011:  MOVLW  0C
0012:  BCF    03.6
0013:  MOVWF  19
0014:  MOVLW  A2
0015:  MOVWF  18
0016:  MOVLW  90
0017:  BCF    03.5
0018:  MOVWF  18
0019:  MOVLW  FF
001A:  MOVWF  21
001B:  BSF    03.5
001C:  BSF    03.6
001D:  MOVF   09,W
001E:  ANDLW  C0
001F:  MOVWF  09
0020:  BCF    03.6
0021:  BCF    1F.4
0022:  BCF    1F.5
0023:  MOVLW  00
0024:  BSF    03.6
0025:  MOVWF  08
0026:  BCF    03.5
0027:  CLRF   07
0028:  CLRF   08
0029:  CLRF   09
002A:  BCF    03.7
.................... { 
....................  
.................... } 
002B:  GOTO   02B

Configuration Fuses:
   Word  1: 0CF5   INTRC NOWDT NOPUT MCLR NOPROTECT NOCPD NOBROWNOUT IESO FCMEN NOLVP DEBUG
   Word  2: 3FFF   BORV40 NOWRT

   Some fuses have been forced to be compatible with the ICD debugger.
