
ROM used:   44/7936 (1%)
            44/7936 (1%) including unused fragments

            0.1 Average locations per line
            44.0 Average locations per statement

RAM used:   7/357 (2%) at main() level
            7/357 (2%) worst case

Stack used: 0 worst case (0 in main + 0 for interrupts)
Stack size: 7

Lines Stmts  %   Files
----- ----- ---  -----
    7     0   0  main.c
   16     0   0  main.h
  769     0   0  ..\..\..\..\..\Programas\PICC\Devices\16F887.h
----- -----
  792     1 Total

Page ROM  %  RAM    Vol Diff  Functions:
---- --- --- ---    --- ----  ----------
0     40  91    0      3  0.0  main
 Inline         0             @cinit1

Program metrics:
    Functions               1
    Statements              1
    Comments                131
    Volume (V)              4
    Difficulty (D)          0.0
    Effort to implement (E) 0
    Time to implement (T)   0 minutes
    Est Delivered Bugs (B)  0
    Cyclomatic Complexity   1
    Maintainability (MI)    119

 Segment     Used  Free
-----------  ----  ----
00000-00003     4  0  
00004-007FF    40  2004  
00800-00FFF     0  2048  
01000-017FF     0  2048  
01800-01EFF     0  1792  



