
ROM used:   231/7936 (3%)
            231/7936 (3%) including unused fragments

            0.3 Average locations per line
            10.0 Average locations per statement

RAM used:   7/357 (2%) at main() level
            19/357 (5%) worst case

Stack used: 0 worst case (0 in main + 0 for interrupts)
Stack size: 7

Lines Stmts  %   Files
----- ----- ---  -----
   56    23 100  main.c
   16     0   0  main.h
  769     0   0  ..\..\..\..\..\Programas\PICC\Devices\16F887.h
----- -----
  841    23 Total

Page ROM  %  RAM    Vol Diff  Functions:
---- --- --- ---    --- ----  ----------
0     22  10    1             @delay_ms1
0    126  55    5    741  4.9  sendMeasurements
0     10   4    0     25  1.2  init
0     69  30    0    267  4.2  MAIN
 Inline         0     25  1.2  @cinit1

Program metrics:
    Functions               4
    Statements              23
    Comments                134
    Volume (V)              1337
    Difficulty (D)          12.8
    Effort to implement (E) 17145
    Time to implement (T)   16 minutes
    Est Delivered Bugs (B)  0
    Cyclomatic Complexity   1
    Maintainability (MI)    134

 Segment     Used  Free
-----------  ----  ----
00000-00003     4  0  
00004-007FF   227  1817  
00800-00FFF     0  2048  
01000-017FF     0  2048  
01800-01EFF     0  1792  



